CRITICAL - 2023-07-12 21:58:13 --> The framework needs the following extension(s) installed and loaded: intl, mbstring.
in SYSTEMPATH/CodeIgniter.php on line 226.
 1 SYSTEMPATH/CodeIgniter.php(226): CodeIgniter\Exceptions\FrameworkException::forMissingExtension()
 2 SYSTEMPATH/CodeIgniter.php(190): CodeIgniter\CodeIgniter->resolvePlatformExtensions()
 3 ROOTPATH/spark(83): CodeIgniter\CodeIgniter->initialize()
CRITICAL - 2023-07-12 21:58:13 --> Uncaught Error: Call to undefined function CodeIgniter\CLI\mb_strpos() in /mnt/c/xampp2/htdocs/prakwebprog/system/CLI/CLI.php:872
Stack trace:
#0 /mnt/c/xampp2/htdocs/prakwebprog/system/CLI/CLI.php(161): CodeIgniter\CLI\CLI::parseCommandLine()
#1 /mnt/c/xampp2/htdocs/prakwebprog/system/CLI/CLI.php(1115): CodeIgniter\CLI\CLI::init()
#2 /mnt/c/xampp2/htdocs/prakwebprog/system/Autoloader/Autoloader.php(312): include_once('...')
#3 /mnt/c/xampp2/htdocs/prakwebprog/system/Autoloader/Autoloader.php(289): CodeIgniter\Autoloader\Autoloader->includeFile()
#4 /mnt/c/xampp2/htdocs/prakwebprog/system/Autoloader/Autoloader.php(267): CodeIgniter\Autoloader\Autoloader->loadInNamespace()
#5 /mnt/c/xampp2/htdocs/prakwebprog/app/Views/errors/cli/error_exception.php(6): CodeIgniter\Autoloader\Autoloader->loadClass()
#6 /mnt/c/xampp2/htdocs/prakwebprog/system/Debug/Exceptions.php(282): include('...')
#7 /mnt/c/xampp2/htdocs/prakwebprog/system/Debug/Exceptions.php(285): CodeIgniter\Debug\Exceptions->CodeIgniter\Debug\{closure}()
#8 /mnt/c/xampp2/htdocs/prakwebprog/system/Debug/Exceptions.php(156): CodeIgniter\Debug\Exceptions->render()
#9 [internal function]: CodeIgniter\Debug\Exceptions->exceptionHandler()
#10 {main}
  thrown
【Previous Exception】
CodeIgniter\Exceptions\FrameworkException
The framework needs the following extension(s) installed and loaded: intl, mbstring.
#0 /mnt/c/xampp2/htdocs/prakwebprog/system/CodeIgniter.php(226): CodeIgniter\Exceptions\FrameworkException::forMissingExtension()
#1 /mnt/c/xampp2/htdocs/prakwebprog/system/CodeIgniter.php(190): CodeIgniter\CodeIgniter->resolvePlatformExtensions()
#2 /mnt/c/xampp2/htdocs/prakwebprog/spark(83): CodeIgniter\CodeIgniter->initialize()
#3 {main}
in SYSTEMPATH/CLI/CLI.php on line 872.
 1 [internal function]: CodeIgniter\Debug\Exceptions->shutdownHandler()
